<?xml version="1.0" encoding="UTF-8"?>
<!-- Generated by org.testng.reporters.JUnitReportReporter -->
<testsuite skipped="0" hostname="DESKTOP-EJ5JCN7" name="Testcase.LoginTest" tests="2" failures="0" timestamp="11 Oct 2018 00:54:16 GMT" time="17.293" errors="0">
  <testcase name="login" time="12.247" classname="Testcase.LoginTest"/>
  <testcase name="verifyTitle" time="5.046" classname="Testcase.LoginTest"/>
</testsuite> <!-- Testcase.LoginTest -->
